beta=2083.2 tempInit=0.158076 tempEnd=1e-05
1 208 207 0.622965 0.158076
2 359 207 0.593471 0.000478577
3 571 207 0.544795 0.000239651
4 968 207 0.502567 0.000159848
5 1448 207 0.4567 0.000119917
6 2070 171 0.415977 9.59478e-05
7 2070 111 0.390166 7.99646e-05
8 2070 83 0.345582 6.8546e-05
9 2070 71 0.299406 5.9981e-05
10 2070 43 0.266779 5.33187e-05
11 2070 35 0.260016 4.79885e-05
12 2070 37 0.244468 4.36271e-05
13 2070 23 0.239897 3.99924e-05
14 2070 15 0.234707 3.69168e-05
15 2070 17 0.23064 3.42804e-05
16 2070 14 0.227486 3.19955e-05
17 2070 24 0.220192 2.99962e-05
18 2070 20 0.213322 2.8232e-05
19 2070 24 0.205505 2.66639e-05
20 2070 14 0.198132 2.52607e-05
21 2070 11 0.194676 2.39979e-05
22 2070 13 0.18974 2.28553e-05
23 2070 4 0.18747 2.18166e-05
24 2070 12 0.184773 2.08681e-05
25 2070 12 0.18083 1.99987e-05
26 2070 9 0.176291 1.91989e-05
27 2070 13 0.173294 1.84606e-05
28 2070 4 0.172765 1.77769e-05
29 2070 6 0.171054 1.71421e-05
30 2070 6 0.166755 1.6551e-05
31 2070 9 0.164784 1.59994e-05
32 2070 1 0.164403 1.54833e-05
33 2070 4 0.164165 1.49995e-05
34 2070 1 0.164163 1.4545e-05
35 2070 0 0.164163 1.41173e-05
ES	127	0.119063	0.164163	10.2281	860681
