beta=35.4884 tempInit=0.158076 tempEnd=0.001
1 347 345 0.622965 0.158076
2 348 345 0.619698 0.0239152
3 358 345 0.619698 0.0129361
4 364 345 0.619698 0.00886594
5 360 345 0.619698 0.00674402
6 369 345 0.619698 0.00544165
7 369 345 0.619698 0.00456087
8 377 345 0.619698 0.0039255
9 378 345 0.614933 0.00344551
10 394 345 0.612193 0.00307011
11 399 345 0.612193 0.00276848
12 387 345 0.611728 0.00252081
13 411 345 0.60841 0.00231382
14 407 345 0.60841 0.00213824
15 399 345 0.60841 0.00198743
16 416 345 0.606634 0.00185649
17 400 345 0.605658 0.00174174
18 403 345 0.605658 0.00164034
19 433 345 0.595438 0.00155011
20 431 345 0.595438 0.00146928
21 448 345 0.595438 0.00139647
22 439 345 0.595438 0.00133053
23 443 345 0.593418 0.00127054
24 458 345 0.593418 0.00121572
25 455 345 0.593418 0.00116544
26 467 345 0.593418 0.00111915
27 479 345 0.590709 0.0010764
28 493 345 0.581186 0.00103679
ES	982	0.232464	0.581186	1.84645	860681
