beta=10.0853 tempInit=0.641699 tempEnd=0.001
1 102 101 2.57529 0.641699
2 109 101 2.57529 0.0858839
3 117 101 2.50629 0.0460217
4 120 101 2.45731 0.0314325
5 126 101 2.41691 0.0238667
6 141 101 2.24883 0.0192364
7 148 101 2.24883 0.0161108
8 163 101 2.17673 0.013859
9 194 101 2.03926 0.0121595
10 249 101 1.98606 0.0108312
11 231 101 1.9502 0.00976457
12 306 101 1.94432 0.00888918
13 322 101 1.7961 0.00815783
14 482 101 1.57771 0.00753768
15 672 101 1.29127 0.00700515
16 904 101 1.13877 0.0065429
17 1010 73 0.920501 0.00613788
18 1010 60 0.920501 0.00578008
19 1010 55 0.876798 0.0054617
20 1010 49 0.818186 0.00517656
21 1010 32 0.795262 0.00491972
22 1010 32 0.783513 0.00468716
23 1010 32 0.779263 0.00447559
24 1010 33 0.778917 0.0042823
25 1010 25 0.763598 0.00410501
26 1010 24 0.763598 0.00394182
27 1010 23 0.763598 0.0037911
28 1010 24 0.763598 0.00365149
29 1010 16 0.763598 0.0035218
30 1010 22 0.763598 0.003401
31 1010 23 0.760936 0.00328821
32 1010 20 0.759235 0.00318267
33 1010 8 0.759235 0.00308369
34 1010 18 0.755944 0.00299068
35 1010 22 0.755944 0.00290312
36 1010 12 0.755944 0.00282053
37 1010 13 0.755944 0.00274252
38 1010 18 0.755944 0.00266871
39 1010 15 0.755944 0.00259876
40 1010 11 0.755944 0.00253239
41 1010 11 0.755944 0.00246932
42 1010 7 0.755944 0.00240932
43 1010 7 0.755944 0.00235217
44 1010 8 0.755944 0.00229766
45 1010 13 0.755944 0.00224563
46 1010 17 0.755944 0.00219589
47 1010 12 0.755944 0.00214832
48 1010 10 0.755944 0.00210276
49 1010 12 0.755944 0.00205909
50 1010 15 0.755944 0.0020172
51 1010 14 0.755944 0.00197698
52 1010 8 0.755944 0.00193833
53 1010 7 0.755944 0.00190117
54 1010 8 0.755944 0.0018654
55 1010 11 0.755944 0.00183096
56 1010 8 0.755944 0.00179776
57 1010 8 0.755944 0.00176574
58 1010 5 0.755944 0.00173485
59 1010 17 0.755944 0.00170502
60 1010 12 0.755944 0.0016762
61 1010 16 0.755944 0.00164833
62 1010 13 0.755944 0.00162138
63 1010 8 0.755944 0.00159529
64 1010 7 0.755944 0.00157003
65 1010 5 0.755944 0.00154556
66 1010 5 0.755944 0.00152184
67 1010 5 0.755944 0.00149883
68 1010 5 0.755944 0.00147651
69 1010 5 0.755944 0.00145485
70 1010 7 0.755944 0.00143381
71 1010 3 0.755944 0.00141337
72 1010 11 0.755944 0.00139351
73 1010 4 0.755944 0.0013742
74 1010 9 0.755944 0.00135541
75 1010 4 0.755944 0.00133713
76 1010 3 0.755944 0.00131934
77 1010 5 0.755944 0.00130202
78 1010 5 0.755944 0.00128514
79 1010 0 0.755944 0.0012687
ES	16	0.624257	0.755944	5.23606	860681
